169
Epoch 0: 739.8905546665192s
Epoch 1: 143.40560340881348s
Epoch 2: 145.42537903785706s
Epoch 3: 143.979309797287s
Epoch 4: 144.48788332939148s
Epoch 5: 143.6062352657318s
Epoch 6: 143.83086252212524s
Epoch 7: 144.3171763420105s
Epoch 8: 144.13078927993774s
Epoch 9: 145.6489760875702s
Epoch 10: 144.19730377197266s
Epoch 11: 145.05726051330566s
Epoch 12: 145.7900607585907s
Epoch 13: 144.28604650497437s
Epoch 14: 144.24041080474854s
Epoch 15: 144.2508842945099s
Epoch 0: 281.1213631629944s
Epoch 1: 280.64237689971924s
Epoch 2: 280.96161007881165s
Epoch 3: 282.39358735084534s
Epoch 4: 282.48553252220154s
Epoch 5: 281.8358271121979s
Epoch 6: 281.90251564979553s
Epoch 7: 282.2756721973419s
Epoch 8: 281.8541011810303s
Epoch 9: 282.3754737377167s
Epoch 10: 282.05701756477356s
Epoch 11: 281.5613377094269s
Epoch 12: 282.7866916656494s
Epoch 13: 282.32614064216614s
Epoch 14: 282.2612051963806s
Epoch 15: 2061.0342977046967s
5598
Adversarial Training Accuracy: 0.9492675955698464
Adversarial Training F1 Score: 0.9739114458938085
Adversarial Attack Accuracy: 0.8704894605216149
Adversarial Attack F1 Score: 0.930761149842422
Done
