169
Epoch 0: 175.52506685256958s
Epoch 1: 139.78135561943054s
Epoch 2: 140.97899866104126s
Epoch 3: 141.22264432907104s
Epoch 4: 140.66588711738586s
Epoch 5: 140.53458070755005s
Epoch 6: 141.28275179862976s
Epoch 7: 140.26263666152954s
Epoch 8: 141.54879570007324s
Epoch 9: 141.70936918258667s
Epoch 10: 141.67779207229614s
Epoch 11: 141.86938190460205s
Epoch 12: 142.02656245231628s
Epoch 13: 140.49954342842102s
Epoch 14: 140.3347361087799s
Epoch 15: 139.96687173843384s
Epoch 0: 276.27854013442993s
Epoch 1: 275.3453891277313s
Epoch 2: 274.9491732120514s
Epoch 3: 273.63067078590393s
Epoch 4: 278.3951425552368s
Epoch 5: 277.59422612190247s
Epoch 6: 276.16861748695374s
Epoch 7: 875.2153897285461s
Epoch 8: 277.4097969532013s
Epoch 9: 274.8930501937866s
Epoch 10: 274.4004716873169s
Epoch 11: 275.50065302848816s
Epoch 12: 277.00047850608826s
Epoch 13: 275.19683051109314s
Epoch 14: 867.270220041275s
Epoch 15: 276.4985375404358s
5598
Adversarial Training Accuracy: 0.9517684887459807
Adversarial Training F1 Score: 0.9752883031301482
Adversarial Attack Accuracy: 0.9517684887459807
Adversarial Attack F1 Score: 0.9752883031301482
Done
