169
Epoch 0: 179.06056308746338s
Epoch 1: 171.57281970977783s
Epoch 2: 171.72610569000244s
Epoch 3: 171.99442386627197s
Epoch 4: 171.6909031867981s
Epoch 5: 173.66400623321533s
Epoch 6: 172.00258708000183s
Epoch 7: 172.24083471298218s
Epoch 8: 172.19966197013855s
Epoch 9: 171.46677350997925s
Epoch 10: 171.4991581439972s
Epoch 11: 172.5689616203308s
Epoch 12: 171.88605260849s
Epoch 13: 172.58926010131836s
Epoch 14: 172.28494882583618s
Epoch 15: 172.46503496170044s
Epoch 0: 341.96591448783875s
Epoch 1: 345.2818739414215s
Epoch 2: 345.24531078338623s
Epoch 3: 345.6105763912201s
Epoch 4: 343.8487424850464s
Epoch 5: 345.18061995506287s
Epoch 6: 344.7662355899811s
Epoch 7: 347.1989920139313s
Epoch 8: 343.4450900554657s
Epoch 9: 343.72806882858276s
Epoch 10: 345.1597592830658s
Epoch 11: 343.8428192138672s
Epoch 12: 342.8969054222107s
Epoch 13: 348.07126569747925s
Epoch 14: 1523.388527393341s
Epoch 15: 346.4030740261078s
5598
Adversarial Training Accuracy: 0.9517684887459807
Adversarial Training F1 Score: 0.9752883031301482
Adversarial Attack Accuracy: 0.9517684887459807
Adversarial Attack F1 Score: 0.9752883031301482
Done
