169
Epoch 0: 173.6856653690338s
Epoch 1: 173.15386867523193s
Epoch 2: 172.66925716400146s
Epoch 3: 173.00137591362s
Epoch 4: 174.29454565048218s
Epoch 5: 173.82603526115417s
Epoch 6: 174.96556091308594s
Epoch 7: 173.93618774414062s
Epoch 8: 172.89091300964355s
Epoch 9: 173.2036828994751s
Epoch 10: 172.866037607193s
Epoch 11: 172.974125623703s
Epoch 12: 172.4721667766571s
Epoch 13: 173.99918246269226s
Epoch 14: 172.8193564414978s
Epoch 15: 172.67662692070007s
Epoch 0: 345.67517161369324s
Epoch 1: 345.62310218811035s
Epoch 2: 347.23115253448486s
Epoch 3: 347.3379912376404s
Epoch 4: 345.5938744544983s
Epoch 5: 344.8915767669678s
Epoch 6: 346.98796916007996s
Epoch 7: 350.66882514953613s
Epoch 8: 347.85545349121094s
Epoch 9: 347.64672231674194s
Epoch 10: 346.1328778266907s
Epoch 11: 345.8269577026367s
Epoch 12: 1522.7845060825348s
Epoch 13: 347.90908551216125s
Epoch 14: 345.6231572628021s
Epoch 15: 346.84384059906006s
5598
Adversarial Training Accuracy: 0.9517684887459807
Adversarial Training F1 Score: 0.9752883031301482
Adversarial Attack Accuracy: 0.9517684887459807
Adversarial Attack F1 Score: 0.9752883031301482
Done
