169
Epoch 0: 183.82157969474792s
Epoch 1: 174.59665513038635s
Epoch 2: 176.70510935783386s
Epoch 3: 175.23355507850647s
Epoch 4: 175.06335759162903s
Epoch 5: 176.7035882472992s
Epoch 6: 175.47866559028625s
Epoch 7: 175.12646579742432s
Epoch 8: 175.13999938964844s
Epoch 9: 175.4247841835022s
Epoch 10: 175.2355055809021s
Epoch 11: 175.2678370475769s
Epoch 12: 174.32422399520874s
Epoch 13: 174.95573806762695s
Epoch 14: 174.95992350578308s
Epoch 15: 174.8565366268158s
Epoch 0: 344.15460729599s
Epoch 1: 344.3980710506439s
Epoch 2: 344.94065523147583s
Epoch 3: 344.6352906227112s
Epoch 4: 345.58874130249023s
Epoch 5: 345.7697117328644s
Epoch 6: 345.3021488189697s
Epoch 7: 345.3594753742218s
Epoch 8: 345.200070142746s
Epoch 9: 345.5160799026489s
Epoch 10: 345.29013562202454s
Epoch 11: 345.3814022541046s
Epoch 12: 345.1655762195587s
Epoch 13: 345.28805017471313s
Epoch 14: 1519.899819612503s
Epoch 15: 345.1896197795868s
5598
Adversarial Training Accuracy: 0.9517684887459807
Adversarial Training F1 Score: 0.9752883031301482
Adversarial Attack Accuracy: 0.8806716684530189
Adversarial Attack F1 Score: 0.9365501519756838
Done
