Fair ADVERSARIAL MIXUP
167
Epoch 0: 103.4185733795166s
Epoch 1: 104.92117929458618s
Epoch 2: 103.76177930831909s
Epoch 3: 102.87877416610718s
Epoch 4: 103.5154721736908s
Epoch 5: 103.15417122840881s
Epoch 6: 103.93002200126648s
Epoch 7: 104.04010152816772s
Epoch 8: 104.60090136528015s
Epoch 9: 103.55922341346741s
Epoch 10: 104.04083228111267s
Epoch 11: 103.43036985397339s
Epoch 12: 104.50111508369446s
Epoch 13: 102.83261585235596s
Epoch 14: 103.88643765449524s
Epoch 15: 103.77305436134338s
Epoch 0: 112.96197366714478s
Epoch 1: 106.48642539978027s
Epoch 2: 105.24856495857239s
Epoch 3: 104.99924969673157s
Epoch 4: 105.41973805427551s
Epoch 5: 106.80147624015808s
Epoch 6: 106.52077078819275s
Epoch 7: 105.2668845653534s
Epoch 8: 106.51709699630737s
Epoch 9: 105.36975073814392s
Epoch 10: 105.91162419319153s
Epoch 11: 107.05766248703003s
Epoch 12: 105.16377305984497s
Epoch 13: 105.49678373336792s
Epoch 14: 973.7269561290741s
Epoch 15: 910.6006412506104s
5328
Adversarial Training Accuracy: 0.9485735735735735
Adversarial Training F1 Score: 0.9725670804965959
Adversarial Attack Accuracy: 0.9431306306306306
Adversarial Attack F1 Score: 0.9700917974533609
Done
