Fair ADVERSARIAL MIXUP
167
Epoch 0: 102.713205575943s
Epoch 1: 102.63121151924133s
Epoch 2: 102.49562048912048s
Epoch 3: 102.83268284797668s
Epoch 4: 102.65976452827454s
Epoch 5: 102.08814311027527s
Epoch 6: 103.59035110473633s
Epoch 7: 102.11946988105774s
Epoch 8: 103.18324208259583s
Epoch 9: 102.28507733345032s
Epoch 10: 102.61159825325012s
Epoch 11: 103.97335410118103s
Epoch 12: 103.04411625862122s
Epoch 13: 102.62959432601929s
Epoch 14: 103.18802070617676s
Epoch 15: 102.33938884735107s
Epoch 0: 104.88790893554688s
Epoch 1: 105.1972725391388s
Epoch 2: 107.45968961715698s
Epoch 3: 105.57030582427979s
Epoch 4: 105.47110080718994s
Epoch 5: 104.84243869781494s
Epoch 6: 104.33479237556458s
Epoch 7: 106.23179578781128s
Epoch 8: 104.74035406112671s
Epoch 9: 104.67855763435364s
Epoch 10: 105.0292615890503s
Epoch 11: 104.60818338394165s
Epoch 12: 105.48888921737671s
Epoch 13: 105.30210638046265s
Epoch 14: 104.79031562805176s
Epoch 15: 232.55597639083862s
5328
Adversarial Training Accuracy: 0.9480105105105106
Adversarial Training F1 Score: 0.9723414877683475
Adversarial Attack Accuracy: 0.9420045045045045
Adversarial Attack F1 Score: 0.9693725840023789
Done
