Fair ADVERSARIAL MIXUP
167
Epoch 0: 103.03913235664368s
Epoch 1: 104.30077743530273s
Epoch 2: 104.25542688369751s
Epoch 3: 105.79411506652832s
Epoch 4: 103.59859824180603s
Epoch 5: 103.4844331741333s
Epoch 6: 104.361163854599s
Epoch 7: 104.74706840515137s
Epoch 8: 104.7842288017273s
Epoch 9: 105.3954529762268s
Epoch 10: 104.33843803405762s
Epoch 11: 105.42888832092285s
Epoch 12: 107.58927869796753s
Epoch 13: 107.09531998634338s
Epoch 14: 105.94103121757507s
Epoch 15: 108.7355420589447s
Epoch 0: 108.59681677818298s
Epoch 1: 109.44211554527283s
Epoch 2: 112.51634192466736s
Epoch 3: 112.22519707679749s
Epoch 4: 115.65754294395447s
Epoch 5: 114.16489934921265s
Epoch 6: 110.46084356307983s
Epoch 7: 119.60223746299744s
Epoch 8: 114.54837536811829s
Epoch 9: 114.14747357368469s
Epoch 10: 113.52305150032043s
Epoch 11: 113.11180114746094s
Epoch 12: 116.77903270721436s
Epoch 13: 116.52796959877014s
Epoch 14: 121.2009346485138s
Epoch 15: 119.50353145599365s
5328
Adversarial Training Accuracy: 0.9510135135135135
Adversarial Training F1 Score: 0.9745390693590869
Adversarial Attack Accuracy: 0.9498873873873874
Adversarial Attack F1 Score: 0.973109074428442
Done
