Fair ADVERSARIAL MIXUP
167
Epoch 0: 122.36845564842224s
Epoch 1: 122.42245125770569s
Epoch 2: 217.0234830379486s
Epoch 3: 528.8369634151459s
Epoch 4: 298.77377438545227s
Epoch 5: 296.63216185569763s
Epoch 6: 151.61143326759338s
Epoch 7: 113.62743639945984s
Epoch 8: 113.39675164222717s
Epoch 9: 106.77045178413391s
Epoch 10: 103.32523822784424s
Epoch 11: 102.92006635665894s
Epoch 12: 103.18858337402344s
Epoch 13: 102.74402236938477s
Epoch 14: 102.0483341217041s
Epoch 15: 101.25352787971497s
Epoch 0: 103.68393540382385s
Epoch 1: 104.24309039115906s
Epoch 2: 103.82457256317139s
Epoch 3: 103.25925183296204s
Epoch 4: 104.25597071647644s
Epoch 5: 103.78940391540527s
Epoch 6: 102.71219968795776s
Epoch 7: 103.43693566322327s
Epoch 8: 103.73287558555603s
Epoch 9: 103.7036919593811s
Epoch 10: 103.45132517814636s
Epoch 11: 104.23997092247009s
Epoch 12: 103.57366108894348s
Epoch 13: 103.40394115447998s
Epoch 14: 103.55267143249512s
Epoch 15: 103.22168803215027s
5328
Adversarial Training Accuracy: 0.9487612612612613
Adversarial Training F1 Score: 0.9726972697269727
Adversarial Attack Accuracy: 0.9493243243243243
Adversarial Attack F1 Score: 0.9739984591679508
Done
