Fair ADVERSARIAL MIXUP
167
Epoch 0: 128.35380387306213s
Epoch 1: 437.63275241851807s
Epoch 2: 375.75028920173645s
Epoch 3: 331.2933006286621s
Epoch 4: 223.76757264137268s
Epoch 5: 122.66777873039246s
Epoch 6: 119.54339647293091s
Epoch 7: 116.02639269828796s
Epoch 8: 107.6480941772461s
Epoch 9: 104.22838735580444s
Epoch 10: 104.13768029212952s
Epoch 11: 103.71007800102234s
Epoch 12: 103.49874472618103s
Epoch 13: 102.79374098777771s
Epoch 14: 103.28705191612244s
Epoch 15: 102.6079671382904s
Epoch 0: 105.43215584754944s
Epoch 1: 104.81623578071594s
Epoch 2: 105.05517625808716s
Epoch 3: 104.86596512794495s
Epoch 4: 104.49989366531372s
Epoch 5: 104.92684006690979s
Epoch 6: 105.3296377658844s
Epoch 7: 104.60346055030823s
Epoch 8: 104.90041160583496s
Epoch 9: 104.43518543243408s
Epoch 10: 105.18541979789734s
Epoch 11: 105.1347382068634s
Epoch 12: 104.70818495750427s
Epoch 13: 105.02230882644653s
Epoch 14: 104.97007083892822s
Epoch 15: 105.40589928627014s
5328
Adversarial Training Accuracy: 0.9510135135135135
Adversarial Training F1 Score: 0.9740840035746202
Adversarial Attack Accuracy: 0.9478228228228228
Adversarial Attack F1 Score: 0.9728886288277745
Done
