Fair ADVERSARIAL MIXUP
167
Epoch 0: 117.95598936080933s
Epoch 1: 120.32681846618652s
Epoch 2: 121.04198837280273s
Epoch 3: 419.5374677181244s
Epoch 4: 386.0926821231842s
Epoch 5: 328.96868205070496s
Epoch 6: 236.09654021263123s
Epoch 7: 111.57800769805908s
Epoch 8: 111.11192727088928s
Epoch 9: 109.39910292625427s
Epoch 10: 105.35823178291321s
Epoch 11: 105.28757119178772s
Epoch 12: 104.61162543296814s
Epoch 13: 103.89791870117188s
Epoch 14: 103.95934653282166s
Epoch 15: 103.23243188858032s
Epoch 0: 104.86235404014587s
Epoch 1: 105.36806082725525s
Epoch 2: 105.30842590332031s
Epoch 3: 105.55607438087463s
Epoch 4: 105.52118277549744s
Epoch 5: 104.93509864807129s
Epoch 6: 105.605544090271s
Epoch 7: 105.49477505683899s
Epoch 8: 106.17315030097961s
Epoch 9: 106.02752637863159s
Epoch 10: 106.3791275024414s
Epoch 11: 105.84178829193115s
Epoch 12: 105.62329030036926s
Epoch 13: 106.0463502407074s
Epoch 14: 105.77852749824524s
Epoch 15: 105.73043537139893s
5328
Adversarial Training Accuracy: 0.950075075075075
Adversarial Training F1 Score: 0.9738034272207997
Adversarial Attack Accuracy: 0.9376876876876877
Adversarial Attack F1 Score: 0.966819908055167
Done
