Fair ADVERSARIAL MIXUP
167
Epoch 0: 103.68972253799438s
Epoch 1: 103.55827045440674s
Epoch 2: 103.9342348575592s
Epoch 3: 103.47887516021729s
Epoch 4: 102.75992584228516s
Epoch 5: 102.79174256324768s
Epoch 6: 103.79226851463318s
Epoch 7: 103.64653158187866s
Epoch 8: 103.54668307304382s
Epoch 9: 103.56483221054077s
Epoch 10: 104.15827322006226s
Epoch 11: 103.55126166343689s
Epoch 12: 103.7580394744873s
Epoch 13: 104.15150570869446s
Epoch 14: 103.17631125450134s
Epoch 15: 103.02723336219788s
Epoch 0: 111.2212643623352s
Epoch 1: 106.4252381324768s
Epoch 2: 105.56757116317749s
Epoch 3: 105.24545764923096s
Epoch 4: 105.89862179756165s
Epoch 5: 105.06415677070618s
Epoch 6: 105.90552949905396s
Epoch 7: 105.69993114471436s
Epoch 8: 105.66205143928528s
Epoch 9: 105.29073882102966s
Epoch 10: 105.581139087677s
Epoch 11: 106.30234456062317s
Epoch 12: 106.41114449501038s
Epoch 13: 530.723240852356s
Epoch 14: 1011.4904851913452s
Epoch 15: 905.9971380233765s
5328
Adversarial Training Accuracy: 0.9491366366366366
Adversarial Training F1 Score: 0.9724956865929157
Adversarial Attack Accuracy: 0.9508258258258259
Adversarial Attack F1 Score: 0.9746762033636188
Done
