Fair ADVERSARIAL MIXUP
167
Epoch 0: 103.3737006187439s
Epoch 1: 106.79503297805786s
Epoch 2: 103.68144869804382s
Epoch 3: 103.88557577133179s
Epoch 4: 102.71682476997375s
Epoch 5: 103.11238098144531s
Epoch 6: 103.23443460464478s
Epoch 7: 103.13784289360046s
Epoch 8: 103.3938410282135s
Epoch 9: 103.20009350776672s
Epoch 10: 103.36599040031433s
Epoch 11: 103.22862768173218s
Epoch 12: 103.71518659591675s
Epoch 13: 103.35952019691467s
Epoch 14: 103.70402026176453s
Epoch 15: 103.91206407546997s
Epoch 0: 105.08889269828796s
Epoch 1: 105.10658240318298s
Epoch 2: 106.69849991798401s
Epoch 3: 105.03022599220276s
Epoch 4: 105.45079708099365s
Epoch 5: 105.40703439712524s
Epoch 6: 105.4315197467804s
Epoch 7: 105.35681343078613s
Epoch 8: 104.99935460090637s
Epoch 9: 105.55561208724976s
Epoch 10: 105.41893005371094s
Epoch 11: 106.10598731040955s
Epoch 12: 105.19607615470886s
Epoch 13: 105.07693934440613s
Epoch 14: 105.9410970211029s
Epoch 15: 260.41656374931335s
5328
Adversarial Training Accuracy: 0.9481981981981982
Adversarial Training F1 Score: 0.972416550069958
Adversarial Attack Accuracy: 0.9418168168168168
Adversarial Attack F1 Score: 0.9692582308607696
Done
