Fair ADVERSARIAL MIXUP
167
Epoch 0: 103.45080018043518s
Epoch 1: 103.82375192642212s
Epoch 2: 102.93682551383972s
Epoch 3: 103.31074714660645s
Epoch 4: 104.54355072975159s
Epoch 5: 103.58769512176514s
Epoch 6: 104.22717428207397s
Epoch 7: 104.0295922756195s
Epoch 8: 104.47187638282776s
Epoch 9: 106.2958824634552s
Epoch 10: 108.38351607322693s
Epoch 11: 107.45235085487366s
Epoch 12: 111.56659412384033s
Epoch 13: 112.10540676116943s
Epoch 14: 114.62975215911865s
Epoch 15: 113.25037121772766s
Epoch 0: 111.90135860443115s
Epoch 1: 117.35446667671204s
Epoch 2: 118.6353063583374s
Epoch 3: 117.3899040222168s
Epoch 4: 114.03676295280457s
Epoch 5: 120.32010412216187s
Epoch 6: 119.45022392272949s
Epoch 7: 118.74083113670349s
Epoch 8: 116.70094394683838s
Epoch 9: 119.72353649139404s
Epoch 10: 121.77644395828247s
Epoch 11: 122.31710720062256s
Epoch 12: 122.58850598335266s
Epoch 13: 123.73406028747559s
Epoch 14: 124.27914905548096s
Epoch 15: 127.43234395980835s
5328
Adversarial Training Accuracy: 0.9523273273273273
Adversarial Training F1 Score: 0.9752677702044791
Adversarial Attack Accuracy: 0.9491366366366366
Adversarial Attack F1 Score: 0.9731177462553319
Done
