Fair ADVERSARIAL MIXUP
167
Epoch 0: 124.64778399467468s
Epoch 1: 156.44134974479675s
Epoch 2: 462.3065721988678s
Epoch 3: 335.6061532497406s
Epoch 4: 343.0308418273926s
Epoch 5: 209.07696652412415s
Epoch 6: 123.82068371772766s
Epoch 7: 123.08499383926392s
Epoch 8: 115.74763131141663s
Epoch 9: 106.83560132980347s
Epoch 10: 106.72301173210144s
Epoch 11: 104.95346260070801s
Epoch 12: 104.50711846351624s
Epoch 13: 103.87598752975464s
Epoch 14: 103.54709458351135s
Epoch 15: 103.33412098884583s
Epoch 0: 105.40542244911194s
Epoch 1: 106.20871949195862s
Epoch 2: 106.51192164421082s
Epoch 3: 106.93839764595032s
Epoch 4: 105.5839216709137s
Epoch 5: 106.01809740066528s
Epoch 6: 105.85949492454529s
Epoch 7: 106.66304802894592s
Epoch 8: 105.68176984786987s
Epoch 9: 106.04162311553955s
Epoch 10: 106.65855932235718s
Epoch 11: 106.45901346206665s
Epoch 12: 105.88686680793762s
Epoch 13: 105.50122046470642s
Epoch 14: 106.13721632957458s
Epoch 15: 105.11942672729492s
5328
Adversarial Training Accuracy: 0.9506381381381381
Adversarial Training F1 Score: 0.9739681282787291
Adversarial Attack Accuracy: 0.9496996996996997
Adversarial Attack F1 Score: 0.9728249847901034
Done
