Fair ADVERSARIAL MIXUP
167
Epoch 0: 222.70326232910156s
Epoch 1: 159.17628049850464s
Epoch 2: 158.7846908569336s
Epoch 3: 159.0599226951599s
Epoch 4: 159.31759095191956s
Epoch 5: 159.39634132385254s
Epoch 6: 159.89828085899353s
Epoch 7: 159.18092322349548s
Epoch 8: 160.3458709716797s
Epoch 9: 159.3544249534607s
Epoch 10: 159.25523161888123s
Epoch 11: 160.0573751926422s
Epoch 12: 159.86263179779053s
Epoch 13: 160.66258668899536s
Epoch 14: 160.1029908657074s
Epoch 15: 159.56205010414124s
Epoch 0: 104.45006799697876s
Epoch 1: 104.58996868133545s
Epoch 2: 104.75703978538513s
Epoch 3: 104.68869376182556s
Epoch 4: 105.23620367050171s
Epoch 5: 104.7061014175415s
Epoch 6: 105.23895525932312s
Epoch 7: 104.62646651268005s
Epoch 8: 104.20677590370178s
Epoch 9: 104.79185104370117s
Epoch 10: 105.40884160995483s
Epoch 11: 105.07892727851868s
Epoch 12: 104.12790656089783s
Epoch 13: 104.96894407272339s
Epoch 14: 105.18749618530273s
Epoch 15: 104.92608761787415s
5328
Adversarial Training Accuracy: 0.8096846846846847
Adversarial Training F1 Score: 0.894835096453018
Adversarial Attack Accuracy: 0.9491366366366366
Adversarial Attack F1 Score: 0.9738240123635662
Done
