Fair ADVERSARIAL MIXUP
167
Epoch 0: 282.2589645385742s
Epoch 1: 161.24119353294373s
Epoch 2: 162.96763062477112s
Epoch 3: 161.17671656608582s
Epoch 4: 161.50100016593933s
Epoch 5: 161.72413992881775s
Epoch 6: 162.3151717185974s
Epoch 7: 162.1057870388031s
Epoch 8: 161.82723760604858s
Epoch 9: 160.76293063163757s
Epoch 10: 162.148095369339s
Epoch 11: 161.0608148574829s
Epoch 12: 161.12223744392395s
Epoch 13: 161.54254460334778s
Epoch 14: 161.66984605789185s
Epoch 15: 160.70284843444824s
Epoch 0: 106.46925330162048s
Epoch 1: 107.25696682929993s
Epoch 2: 106.81864786148071s
Epoch 3: 105.93517994880676s
Epoch 4: 106.66302919387817s
Epoch 5: 210.15044713020325s
Epoch 6: 188.2967813014984s
Epoch 7: 238.49107193946838s
Epoch 8: 245.3376293182373s
Epoch 9: 168.2173228263855s
Epoch 10: 122.11483860015869s
Epoch 11: 107.16034531593323s
Epoch 12: 106.28491759300232s
Epoch 13: 105.86193013191223s
Epoch 14: 107.02980136871338s
Epoch 15: 106.29409527778625s
5328
Adversarial Training Accuracy: 0.9480105105105106
Adversarial Training F1 Score: 0.9724021121849158
Adversarial Attack Accuracy: 0.9427552552552553
Adversarial Attack F1 Score: 0.9695821282537149
Done
