Fair ADVERSARIAL MIXUP
167
Epoch 0: 282.3992564678192s
Epoch 1: 163.07035636901855s
Epoch 2: 163.17739415168762s
Epoch 3: 163.3059365749359s
Epoch 4: 163.52680706977844s
Epoch 5: 162.85866808891296s
Epoch 6: 162.32911491394043s
Epoch 7: 162.6269187927246s
Epoch 8: 162.18344593048096s
Epoch 9: 162.76149821281433s
Epoch 10: 163.12727975845337s
Epoch 11: 162.943585395813s
Epoch 12: 163.82051587104797s
Epoch 13: 162.94876313209534s
Epoch 14: 163.1032259464264s
Epoch 15: 162.7508704662323s
Epoch 0: 107.88581895828247s
Epoch 1: 108.55643129348755s
Epoch 2: 108.81129813194275s
Epoch 3: 107.68580389022827s
Epoch 4: 129.0830671787262s
Epoch 5: 208.223379611969s
Epoch 6: 227.49094200134277s
Epoch 7: 216.54075074195862s
Epoch 8: 265.5428948402405s
Epoch 9: 141.03928756713867s
Epoch 10: 108.46486163139343s
Epoch 11: 108.9609603881836s
Epoch 12: 108.27962684631348s
Epoch 13: 108.64458179473877s
Epoch 14: 108.41094589233398s
Epoch 15: 107.79603290557861s
5328
Adversarial Training Accuracy: 0.9483858858858859
Adversarial Training F1 Score: 0.9724972497249725
Adversarial Attack Accuracy: 0.931493993993994
Adversarial Attack F1 Score: 0.9643310857031174
Done
