Fair ADVERSARIAL MIXUP
167
Epoch 0: 282.3995590209961s
Epoch 1: 163.90100240707397s
Epoch 2: 163.60341477394104s
Epoch 3: 162.525053024292s
Epoch 4: 162.99504375457764s
Epoch 5: 162.2241337299347s
Epoch 6: 162.44898104667664s
Epoch 7: 163.42165160179138s
Epoch 8: 162.4525909423828s
Epoch 9: 163.0160870552063s
Epoch 10: 162.94369053840637s
Epoch 11: 162.52795267105103s
Epoch 12: 162.82382559776306s
Epoch 13: 163.41281819343567s
Epoch 14: 162.727383852005s
Epoch 15: 164.30566787719727s
Epoch 0: 109.04894948005676s
Epoch 1: 108.59390473365784s
Epoch 2: 108.28359127044678s
Epoch 3: 107.93258118629456s
Epoch 4: 130.47807669639587s
Epoch 5: 214.608553647995s
Epoch 6: 248.72873544692993s
Epoch 7: 246.14340806007385s
Epoch 8: 238.07155346870422s
Epoch 9: 142.28795075416565s
Epoch 10: 109.5162615776062s
Epoch 11: 108.58059167861938s
Epoch 12: 107.95636558532715s
Epoch 13: 109.07498717308044s
Epoch 14: 108.24926519393921s
Epoch 15: 107.44352746009827s
5328
Adversarial Training Accuracy: 0.9483858858858859
Adversarial Training F1 Score: 0.9724972497249725
Adversarial Attack Accuracy: 0.949512012012012
Adversarial Attack F1 Score: 0.9738097556226267
Done
