Fair ADVERSARIAL MIXUP
167
Epoch 0: 222.65960121154785s
Epoch 1: 159.22209978103638s
Epoch 2: 159.93406867980957s
Epoch 3: 159.4125099182129s
Epoch 4: 157.5405399799347s
Epoch 5: 159.35085558891296s
Epoch 6: 158.13882493972778s
Epoch 7: 159.81651711463928s
Epoch 8: 158.28520250320435s
Epoch 9: 158.34328174591064s
Epoch 10: 158.50288081169128s
Epoch 11: 158.77215957641602s
Epoch 12: 158.86774802207947s
Epoch 13: 158.14558053016663s
Epoch 14: 158.45344710350037s
Epoch 15: 158.9837350845337s
Epoch 0: 104.75759172439575s
Epoch 1: 104.70046186447144s
Epoch 2: 104.81938576698303s
Epoch 3: 104.1252453327179s
Epoch 4: 105.04150056838989s
Epoch 5: 104.01842069625854s
Epoch 6: 104.31171679496765s
Epoch 7: 104.08194708824158s
Epoch 8: 104.69806408882141s
Epoch 9: 104.21574759483337s
Epoch 10: 104.54847526550293s
Epoch 11: 104.34550404548645s
Epoch 12: 104.35370993614197s
Epoch 13: 104.9013569355011s
Epoch 14: 104.76373076438904s
Epoch 15: 104.1419677734375s
5328
Adversarial Training Accuracy: 0.9493243243243243
Adversarial Training F1 Score: 0.9734094937955486
Adversarial Attack Accuracy: 0.9493243243243243
Adversarial Attack F1 Score: 0.9740034662045061
Done
