169
Epoch 0: 171.10576701164246s
Epoch 1: 170.88277769088745s
Epoch 2: 170.77851963043213s
Epoch 3: 171.17179417610168s
Epoch 4: 171.53917813301086s
Epoch 5: 170.98508501052856s
Epoch 6: 170.85923838615417s
Epoch 7: 170.72900772094727s
Epoch 8: 170.89666724205017s
Epoch 9: 170.700932264328s
Epoch 10: 170.97400832176208s
Epoch 11: 171.47371983528137s
Epoch 12: 170.9235622882843s
Epoch 13: 171.1883203983307s
Epoch 14: 171.33542943000793s
Epoch 15: 170.61626434326172s
Epoch 0: 340.74576210975647s
Epoch 1: 342.7248492240906s
Epoch 2: 342.45287823677063s
Epoch 3: 2309.1995735168457s
Epoch 4: 542.7269685268402s
Epoch 5: 509.9869034290314s
Epoch 6: 431.2022919654846s
Epoch 7: 411.88354301452637s
Epoch 8: 429.17333245277405s
Epoch 9: 432.6267771720886s
Epoch 10: 367.751252412796s
Epoch 11: 396.41108536720276s
Epoch 12: 350.66632056236267s
Epoch 13: 402.7661101818085s
Epoch 14: 412.0553286075592s
Epoch 15: 340.31981110572815s
5598
Adversarial Training Accuracy: 0.9517684887459807
Adversarial Training F1 Score: 0.9752883031301482
Adversarial Attack Accuracy: 0.9517684887459807
Adversarial Attack F1 Score: 0.9752883031301482
Done
