Fair ADVERSARIAL MIXUP
167
Epoch 0: 222.80114221572876s
Epoch 1: 161.65734815597534s
Epoch 2: 159.83907103538513s
Epoch 3: 158.94787526130676s
Epoch 4: 158.61383652687073s
Epoch 5: 158.94610142707825s
Epoch 6: 159.1130039691925s
Epoch 7: 159.8424587249756s
Epoch 8: 159.84407567977905s
Epoch 9: 158.9832637310028s
Epoch 10: 160.96277785301208s
Epoch 11: 158.60507535934448s
Epoch 12: 159.13066697120667s
Epoch 13: 158.99790787696838s
Epoch 14: 159.13180470466614s
Epoch 15: 159.19830012321472s
Epoch 0: 104.1450707912445s
Epoch 1: 104.22761940956116s
Epoch 2: 105.55905151367188s
Epoch 3: 104.40492248535156s
Epoch 4: 105.50959157943726s
Epoch 5: 105.11558651924133s
Epoch 6: 104.70449233055115s
Epoch 7: 104.3338212966919s
Epoch 8: 105.13668894767761s
Epoch 9: 105.31920266151428s
Epoch 10: 104.68880200386047s
Epoch 11: 105.64921259880066s
Epoch 12: 104.83377695083618s
Epoch 13: 105.09795045852661s
Epoch 14: 104.74485445022583s
Epoch 15: 104.81979155540466s
5328
Adversarial Training Accuracy: 0.9506381381381381
Adversarial Training F1 Score: 0.9740144254520304
Adversarial Attack Accuracy: 0.9433183183183184
Adversarial Attack F1 Score: 0.9704789833822093
Done
