Fair ADVERSARIAL MIXUP
167
Epoch 0: 236.113126039505s
Epoch 1: 185.75200748443604s
Epoch 2: 290.0068156719208s
Epoch 3: 284.8777301311493s
Epoch 4: 169.7203824520111s
Epoch 5: 158.55665111541748s
Epoch 6: 158.49875044822693s
Epoch 7: 158.6558039188385s
Epoch 8: 158.72574090957642s
Epoch 9: 158.7700958251953s
Epoch 10: 158.9718005657196s
Epoch 11: 159.20068168640137s
Epoch 12: 158.67430114746094s
Epoch 13: 158.51265668869019s
Epoch 14: 205.1625530719757s
Epoch 15: 158.6467535495758s
Epoch 0: 102.9240620136261s
Epoch 1: 103.34158873558044s
Epoch 2: 103.41315269470215s
Epoch 3: 103.21083164215088s
Epoch 4: 103.45365190505981s
Epoch 5: 127.09365320205688s
Epoch 6: 200.87210369110107s
Epoch 7: 176.26937913894653s
Epoch 8: 157.8043954372406s
Epoch 9: 247.1810359954834s
Epoch 10: 154.16811442375183s
Epoch 11: 105.3512830734253s
Epoch 12: 135.02101635932922s
Epoch 13: 122.14346528053284s
Epoch 14: 127.60949683189392s
Epoch 15: 122.52646327018738s
5328
Adversarial Training Accuracy: 0.05067567567567568
Adversarial Training F1 Score: 0.0
Adversarial Attack Accuracy: 0.05067567567567568
Adversarial Attack F1 Score: 0.0
Done
