Fair ADVERSARIAL MIXUP
167
Epoch 0: 236.31305527687073s
Epoch 1: 202.26922988891602s
Epoch 2: 340.4764757156372s
Epoch 3: 235.3241720199585s
Epoch 4: 165.65044713020325s
Epoch 5: 159.9172716140747s
Epoch 6: 158.5850052833557s
Epoch 7: 160.66107153892517s
Epoch 8: 159.50283670425415s
Epoch 9: 158.97126245498657s
Epoch 10: 158.79024624824524s
Epoch 11: 159.20413947105408s
Epoch 12: 159.7518355846405s
Epoch 13: 159.87472581863403s
Epoch 14: 204.93909120559692s
Epoch 15: 159.69442558288574s
Epoch 0: 104.25933980941772s
Epoch 1: 104.62808537483215s
Epoch 2: 104.89646315574646s
Epoch 3: 105.52788543701172s
Epoch 4: 104.6656985282898s
Epoch 5: 148.29851603507996s
Epoch 6: 195.54758381843567s
Epoch 7: 182.46551728248596s
Epoch 8: 189.15189051628113s
Epoch 9: 216.78108382225037s
Epoch 10: 138.83786344528198s
Epoch 11: 125.8001880645752s
Epoch 12: 133.78589749336243s
Epoch 13: 113.06666088104248s
Epoch 14: 143.71602654457092s
Epoch 15: 104.07847023010254s
5328
Adversarial Training Accuracy: 0.05067567567567568
Adversarial Training F1 Score: 0.0
Adversarial Attack Accuracy: 0.05067567567567568
Adversarial Attack F1 Score: 0.0
Done
