Fair ADVERSARIAL MIXUP
167
Epoch 0: 159.31261587142944s
Epoch 1: 159.4846293926239s
Epoch 2: 158.8468418121338s
Epoch 3: 159.07228231430054s
Epoch 4: 159.00580191612244s
Epoch 5: 159.21543908119202s
Epoch 6: 180.07068991661072s
Epoch 7: 214.21185612678528s
Epoch 8: 256.87823843955994s
Epoch 9: 217.06697797775269s
Epoch 10: 160.38275575637817s
Epoch 11: 157.6707558631897s
Epoch 12: 160.0801875591278s
Epoch 13: 159.07522535324097s
Epoch 14: 159.04295897483826s
Epoch 15: 159.10449957847595s
Epoch 0: 104.2229859828949s
Epoch 1: 104.33822536468506s
Epoch 2: 108.58187794685364s
Epoch 3: 109.77220129966736s
Epoch 4: 113.18549513816833s
Epoch 5: 107.7084333896637s
Epoch 6: 110.32825374603271s
Epoch 7: 107.33691549301147s
Epoch 8: 107.83693027496338s
Epoch 9: 107.55018138885498s
Epoch 10: 111.90578866004944s
Epoch 11: 111.58349847793579s
Epoch 12: 110.81977462768555s
Epoch 13: 106.20712208747864s
Epoch 14: 104.1875946521759s
Epoch 15: 161.20662760734558s
5328
Adversarial Training Accuracy: 0.05067567567567568
Adversarial Training F1 Score: 0.0
Adversarial Attack Accuracy: 0.05067567567567568
Adversarial Attack F1 Score: 0.0
Done
