Fair ADVERSARIAL MIXUP
167
Epoch 0: 158.04961013793945s
Epoch 1: 157.27643871307373s
Epoch 2: 157.32978534698486s
Epoch 3: 157.50279259681702s
Epoch 4: 157.99942183494568s
Epoch 5: 158.25627851486206s
Epoch 6: 183.54628229141235s
Epoch 7: 218.16323399543762s
Epoch 8: 261.1187288761139s
Epoch 9: 218.87211894989014s
Epoch 10: 160.02695035934448s
Epoch 11: 156.93878817558289s
Epoch 12: 159.0052788257599s
Epoch 13: 158.08153319358826s
Epoch 14: 158.5518889427185s
Epoch 15: 157.48186564445496s
Epoch 0: 102.66610765457153s
Epoch 1: 103.01384663581848s
Epoch 2: 114.2352979183197s
Epoch 3: 113.7834005355835s
Epoch 4: 113.95808839797974s
Epoch 5: 115.31482982635498s
Epoch 6: 109.22540068626404s
Epoch 7: 106.33654975891113s
Epoch 8: 107.0067617893219s
Epoch 9: 107.06094121932983s
Epoch 10: 109.41029334068298s
Epoch 11: 109.32655477523804s
Epoch 12: 108.6181709766388s
Epoch 13: 105.25007152557373s
Epoch 14: 102.72328996658325s
Epoch 15: 167.6717493534088s
5328
Adversarial Training Accuracy: 0.05067567567567568
Adversarial Training F1 Score: 0.0
Adversarial Attack Accuracy: 0.05067567567567568
Adversarial Attack F1 Score: 0.0
Done
