Fair ADVERSARIAL MIXUP
167
Epoch 0: 236.15549540519714s
Epoch 1: 202.82473015785217s
Epoch 2: 338.585173368454s
Epoch 3: 235.85305786132812s
Epoch 4: 164.74453997612s
Epoch 5: 159.4884488582611s
Epoch 6: 159.98142457008362s
Epoch 7: 160.016672372818s
Epoch 8: 159.71213150024414s
Epoch 9: 159.8001925945282s
Epoch 10: 160.03748297691345s
Epoch 11: 159.85682272911072s
Epoch 12: 159.88351273536682s
Epoch 13: 160.0201280117035s
Epoch 14: 204.79593920707703s
Epoch 15: 159.5663149356842s
Epoch 0: 104.97838044166565s
Epoch 1: 105.4373676776886s
Epoch 2: 104.80106830596924s
Epoch 3: 104.9494411945343s
Epoch 4: 104.94589328765869s
Epoch 5: 156.39618229866028s
Epoch 6: 193.2088921070099s
Epoch 7: 190.930997133255s
Epoch 8: 206.40241265296936s
Epoch 9: 229.62443780899048s
Epoch 10: 114.61051201820374s
Epoch 11: 130.91812133789062s
Epoch 12: 128.70873045921326s
Epoch 13: 113.00512218475342s
Epoch 14: 139.6119086742401s
Epoch 15: 105.02422881126404s
5328
Adversarial Training Accuracy: 0.9510135135135135
Adversarial Training F1 Score: 0.9745291304772128
Adversarial Attack Accuracy: 0.9493243243243243
Adversarial Attack F1 Score: 0.9740034662045061
Done
