Fair ADVERSARIAL MIXUP
167
Epoch 0: 160.57766890525818s
Epoch 1: 161.29982995986938s
Epoch 2: 161.3586232662201s
Epoch 3: 162.38717126846313s
Epoch 4: 161.7695436477661s
Epoch 5: 163.83302974700928s
Epoch 6: 165.3587965965271s
Epoch 7: 165.5328061580658s
Epoch 8: 166.8231794834137s
Epoch 9: 163.9919662475586s
Epoch 10: 167.9516568183899s
Epoch 11: 192.4985761642456s
Epoch 12: 256.96040630340576s
Epoch 13: 217.1762340068817s
Epoch 14: 202.53607392311096s
Epoch 15: 164.71439599990845s
Epoch 0: 110.12854385375977s
Epoch 1: 111.49352765083313s
Epoch 2: 137.77577948570251s
Epoch 3: 247.26274514198303s
Epoch 4: 316.40895223617554s
Epoch 5: 248.76548647880554s
Epoch 6: 174.64434504508972s
Epoch 7: 149.34232997894287s
Epoch 8: 105.204430103302s
Epoch 9: 104.98110365867615s
Epoch 10: 105.53317928314209s
Epoch 11: 104.7844250202179s
Epoch 12: 104.47202062606812s
Epoch 13: 105.55190396308899s
Epoch 14: 106.46068143844604s
Epoch 15: 105.06668066978455s
5328
Adversarial Training Accuracy: 0.9523273273273273
Adversarial Training F1 Score: 0.9753923658205774
Adversarial Attack Accuracy: 0.9455705705705706
Adversarial Attack F1 Score: 0.9713155291790306
Done
