Fair ADVERSARIAL MIXUP
167
Epoch 0: 222.5369782447815s
Epoch 1: 158.17233848571777s
Epoch 2: 157.32857942581177s
Epoch 3: 157.04656147956848s
Epoch 4: 157.57325196266174s
Epoch 5: 157.74911284446716s
Epoch 6: 158.15875005722046s
Epoch 7: 157.98140144348145s
Epoch 8: 157.05476999282837s
Epoch 9: 157.92131638526917s
Epoch 10: 157.99130702018738s
Epoch 11: 157.95346760749817s
Epoch 12: 158.3322615623474s
Epoch 13: 157.30584120750427s
Epoch 14: 158.2203209400177s
Epoch 15: 157.98491501808167s
Epoch 0: 109.29675078392029s
Epoch 1: 103.31850671768188s
Epoch 2: 103.14082527160645s
Epoch 3: 102.77371263504028s
Epoch 4: 103.3237464427948s
Epoch 5: 102.8047878742218s
Epoch 6: 103.18445611000061s
Epoch 7: 102.85434579849243s
Epoch 8: 102.44744539260864s
Epoch 9: 102.95483255386353s
Epoch 10: 102.95122528076172s
Epoch 11: 103.32195281982422s
Epoch 12: 103.48220252990723s
Epoch 13: 103.73878622055054s
Epoch 14: 103.31297206878662s
Epoch 15: 103.22424101829529s
5328
Adversarial Training Accuracy: 0.9493243243243243
Adversarial Training F1 Score: 0.9731770315914962
Adversarial Attack Accuracy: 0.9367492492492493
Adversarial Attack F1 Score: 0.966860064903137
Done
