Fair ADVERSARIAL MIXUP
167
Epoch 0: 236.2332000732422s
Epoch 1: 195.68254590034485s
Epoch 2: 343.7162137031555s
Epoch 3: 237.33748936653137s
Epoch 4: 166.9663589000702s
Epoch 5: 158.52587366104126s
Epoch 6: 158.6692178249359s
Epoch 7: 158.6174600124359s
Epoch 8: 158.83156633377075s
Epoch 9: 158.78281712532043s
Epoch 10: 158.6540880203247s
Epoch 11: 158.62010669708252s
Epoch 12: 159.65375924110413s
Epoch 13: 158.82711815834045s
Epoch 14: 204.68722248077393s
Epoch 15: 158.89941358566284s
Epoch 0: 104.60710906982422s
Epoch 1: 104.78264093399048s
Epoch 2: 104.94647979736328s
Epoch 3: 104.65152859687805s
Epoch 4: 104.5895926952362s
Epoch 5: 149.28778982162476s
Epoch 6: 198.99276328086853s
Epoch 7: 190.36076760292053s
Epoch 8: 199.28282761573792s
Epoch 9: 217.61998391151428s
Epoch 10: 138.70926117897034s
Epoch 11: 135.6753146648407s
Epoch 12: 130.0418779850006s
Epoch 13: 110.19072389602661s
Epoch 14: 146.38358688354492s
Epoch 15: 104.83736038208008s
5328
Adversarial Training Accuracy: 0.9506381381381381
Adversarial Training F1 Score: 0.9740349491558891
Adversarial Attack Accuracy: 0.946509009009009
Adversarial Attack F1 Score: 0.9724077839093813
Done
