Fair ADVERSARIAL MIXUP
167
Epoch 0: 159.33972430229187s
Epoch 1: 160.52693057060242s
Epoch 2: 159.0718605518341s
Epoch 3: 159.7870900630951s
Epoch 4: 159.2699737548828s
Epoch 5: 158.60127449035645s
Epoch 6: 181.65805554389954s
Epoch 7: 209.79868936538696s
Epoch 8: 261.957435131073s
Epoch 9: 219.89705562591553s
Epoch 10: 158.70399475097656s
Epoch 11: 157.20794439315796s
Epoch 12: 159.0512342453003s
Epoch 13: 159.50482606887817s
Epoch 14: 159.01581120491028s
Epoch 15: 159.11920857429504s
Epoch 0: 104.27643632888794s
Epoch 1: 104.81244015693665s
Epoch 2: 111.33228087425232s
Epoch 3: 114.42982268333435s
Epoch 4: 113.75572729110718s
Epoch 5: 112.10140442848206s
Epoch 6: 110.86058735847473s
Epoch 7: 108.08311343193054s
Epoch 8: 109.14427757263184s
Epoch 9: 108.36808466911316s
Epoch 10: 113.29459166526794s
Epoch 11: 111.33196973800659s
Epoch 12: 112.81578326225281s
Epoch 13: 105.08087968826294s
Epoch 14: 111.07492089271545s
Epoch 15: 154.35973167419434s
5328
Adversarial Training Accuracy: 0.9483858858858859
Adversarial Training F1 Score: 0.972519236534426
Adversarial Attack Accuracy: 0.9388138138138138
Adversarial Attack F1 Score: 0.9680705190989226
Done
