Fair ADVERSARIAL MIXUP
167
Epoch 0: 459.41385221481323s
Epoch 1: 158.24548292160034s
Epoch 2: 158.78405833244324s
Epoch 3: 158.35591459274292s
Epoch 4: 158.21782207489014s
Epoch 5: 157.9533669948578s
Epoch 6: 178.65399551391602s
Epoch 7: 158.22975873947144s
Epoch 8: 158.28599762916565s
Epoch 9: 157.782240152359s
Epoch 10: 158.69758248329163s
Epoch 11: 158.53164768218994s
Epoch 12: 158.6544325351715s
Epoch 13: 197.94332695007324s
Epoch 14: 158.80925107002258s
Epoch 15: 158.88045120239258s
Epoch 0: 103.79808330535889s
Epoch 1: 103.88516664505005s
Epoch 2: 104.1895477771759s
Epoch 3: 104.49371027946472s
Epoch 4: 287.05636286735535s
Epoch 5: 320.9453401565552s
Epoch 6: 246.58882927894592s
Epoch 7: 544.2625329494476s
Epoch 8: 328.97513127326965s
Epoch 9: 140.7466278076172s
Epoch 10: 105.04153943061829s
Epoch 11: 103.9318311214447s
Epoch 12: 103.87267303466797s
Epoch 13: 103.99276614189148s
Epoch 14: 103.87053179740906s
Epoch 15: 104.39623045921326s
5328
Adversarial Training Accuracy: 0.9493243243243243
Adversarial Training F1 Score: 0.9740034662045061
Adversarial Attack Accuracy: 0.9493243243243243
Adversarial Attack F1 Score: 0.9740034662045061
Done
