Fair ADVERSARIAL MIXUP
167
Epoch 0: 459.42872190475464s
Epoch 1: 159.46279120445251s
Epoch 2: 158.5399477481842s
Epoch 3: 158.8884506225586s
Epoch 4: 160.04396653175354s
Epoch 5: 158.88540697097778s
Epoch 6: 179.06598544120789s
Epoch 7: 158.85098385810852s
Epoch 8: 159.56572484970093s
Epoch 9: 159.2329216003418s
Epoch 10: 159.43477392196655s
Epoch 11: 160.13889026641846s
Epoch 12: 160.21624660491943s
Epoch 13: 198.4220359325409s
Epoch 14: 160.06774258613586s
Epoch 15: 159.57952761650085s
Epoch 0: 104.55732893943787s
Epoch 1: 105.35826873779297s
Epoch 2: 104.4517035484314s
Epoch 3: 105.2105393409729s
Epoch 4: 334.34363651275635s
Epoch 5: 322.9055862426758s
Epoch 6: 251.52562856674194s
Epoch 7: 580.4738593101501s
Epoch 8: 274.5661962032318s
Epoch 9: 114.42039227485657s
Epoch 10: 105.34872198104858s
Epoch 11: 105.29548835754395s
Epoch 12: 105.16759610176086s
Epoch 13: 105.62429237365723s
Epoch 14: 105.85044074058533s
Epoch 15: 104.20039463043213s
5328
Adversarial Training Accuracy: 0.948948948948949
Adversarial Training F1 Score: 0.9728108756497402
Adversarial Attack Accuracy: 0.8954579579579579
Adversarial Attack F1 Score: 0.9448460243588473
Done
