Fair ADVERSARIAL MIXUP
167
Epoch 0: 459.44875049591064s
Epoch 1: 158.55645489692688s
Epoch 2: 158.70941591262817s
Epoch 3: 158.70807123184204s
Epoch 4: 159.3710367679596s
Epoch 5: 158.88367319107056s
Epoch 6: 178.9020698070526s
Epoch 7: 158.89633226394653s
Epoch 8: 158.75517177581787s
Epoch 9: 159.26142859458923s
Epoch 10: 159.30007648468018s
Epoch 11: 158.7778639793396s
Epoch 12: 159.3755567073822s
Epoch 13: 197.7599744796753s
Epoch 14: 159.6878364086151s
Epoch 15: 159.37839436531067s
Epoch 0: 104.34171175956726s
Epoch 1: 104.8886148929596s
Epoch 2: 105.0093297958374s
Epoch 3: 105.00204515457153s
Epoch 4: 324.1754946708679s
Epoch 5: 320.51905035972595s
Epoch 6: 232.1973512172699s
Epoch 7: 577.5315492153168s
Epoch 8: 300.55489683151245s
Epoch 9: 120.47669768333435s
Epoch 10: 104.78199362754822s
Epoch 11: 104.86877369880676s
Epoch 12: 104.65346360206604s
Epoch 13: 104.26295948028564s
Epoch 14: 104.33942151069641s
Epoch 15: 104.61165261268616s
5328
Adversarial Training Accuracy: 0.9528903903903904
Adversarial Training F1 Score: 0.9754379097759075
Adversarial Attack Accuracy: 0.9039039039039038
Adversarial Attack F1 Score: 0.9495268138801262
Done
