Fair ADVERSARIAL MIXUP
167
Epoch 0: 459.4096748828888s
Epoch 1: 158.98769807815552s
Epoch 2: 159.39046573638916s
Epoch 3: 160.05934977531433s
Epoch 4: 159.16930532455444s
Epoch 5: 159.24497652053833s
Epoch 6: 178.94613361358643s
Epoch 7: 158.78492617607117s
Epoch 8: 160.05172848701477s
Epoch 9: 159.47439122200012s
Epoch 10: 159.51009726524353s
Epoch 11: 159.74952578544617s
Epoch 12: 159.98970341682434s
Epoch 13: 198.85581851005554s
Epoch 14: 160.10894894599915s
Epoch 15: 160.3076663017273s
Epoch 0: 105.75118446350098s
Epoch 1: 106.05096244812012s
Epoch 2: 105.78915596008301s
Epoch 3: 105.72015714645386s
Epoch 4: 364.81442856788635s
Epoch 5: 303.06090784072876s
Epoch 6: 272.3221414089203s
Epoch 7: 608.3491744995117s
Epoch 8: 234.2447612285614s
Epoch 9: 105.70543265342712s
Epoch 10: 105.86352181434631s
Epoch 11: 105.75046706199646s
Epoch 12: 105.32603621482849s
Epoch 13: 105.39212369918823s
Epoch 14: 105.29168486595154s
Epoch 15: 105.16386866569519s
5328
Adversarial Training Accuracy: 0.20945945945945946
Adversarial Training F1 Score: 0.33375514077823476
Adversarial Attack Accuracy: 0.10341591591591591
Adversarial Attack F1 Score: 0.18744684470147985
Done
