169
Epoch 0: 172.1587679386139s
Epoch 1: 171.73956775665283s
Epoch 2: 171.60388278961182s
Epoch 3: 172.18371891975403s
Epoch 4: 172.36675095558167s
Epoch 5: 172.23716521263123s
Epoch 6: 171.77034258842468s
Epoch 7: 172.0871069431305s
Epoch 8: 171.75566339492798s
Epoch 9: 171.84876990318298s
Epoch 10: 171.85975694656372s
Epoch 11: 172.24178004264832s
Epoch 12: 171.69326758384705s
Epoch 13: 172.15444827079773s
Epoch 14: 171.92502093315125s
Epoch 15: 171.58832144737244s
Epoch 0: 340.66211771965027s
Epoch 1: 340.900470495224s
Epoch 2: 338.6084334850311s
Epoch 3: 338.71514868736267s
Epoch 4: 338.6735887527466s
Epoch 5: 338.40858721733093s
Epoch 6: 339.38422083854675s
Epoch 7: 1538.9726967811584s
Epoch 8: 338.91837906837463s
Epoch 9: 923.4745047092438s
Epoch 10: 341.3184983730316s
Epoch 11: 342.0062301158905s
Epoch 12: 339.9657783508301s
Epoch 13: 338.7296121120453s
Epoch 14: 337.676709651947s
Epoch 15: 338.3042061328888s
5598
Adversarial Training Accuracy: 0.04823151125401929
Adversarial Training F1 Score: 0.0
Adversarial Attack Accuracy: 0.04823151125401929
Adversarial Attack F1 Score: 0.0
Done
