169
Epoch 0: 172.81008315086365s
Epoch 1: 172.85397934913635s
Epoch 2: 172.81377148628235s
Epoch 3: 173.28897047042847s
Epoch 4: 172.9840133190155s
Epoch 5: 172.7813742160797s
Epoch 6: 172.92304015159607s
Epoch 7: 172.7200222015381s
Epoch 8: 172.8298373222351s
Epoch 9: 172.5978045463562s
Epoch 10: 172.87535071372986s
Epoch 11: 173.14710474014282s
Epoch 12: 172.75934219360352s
Epoch 13: 173.12495636940002s
Epoch 14: 172.83718061447144s
Epoch 15: 172.893536567688s
Epoch 0: 341.88584542274475s
Epoch 1: 1509.2332847118378s
Epoch 2: 340.9191646575928s
Epoch 3: 341.19404768943787s
Epoch 4: 340.56194162368774s
Epoch 5: 340.1992425918579s
Epoch 6: 340.24722957611084s
Epoch 7: 340.8171148300171s
Epoch 8: 338.05215191841125s
Epoch 9: 340.423326253891s
Epoch 10: 341.36465287208557s
Epoch 11: 340.0294997692108s
Epoch 12: 340.98294377326965s
Epoch 13: 339.99973821640015s
Epoch 14: 340.48548674583435s
Epoch 15: 339.82252526283264s
5598
Adversarial Training Accuracy: 0.9517684887459807
Adversarial Training F1 Score: 0.9752883031301482
Adversarial Attack Accuracy: 0.9517684887459807
Adversarial Attack F1 Score: 0.9752883031301482
Done
