169
Epoch 0: 137.26997470855713s
Epoch 1: 137.2321445941925s
Epoch 2: 137.06297612190247s
Epoch 3: 138.38622617721558s
Epoch 4: 137.63060641288757s
Epoch 5: 138.38262176513672s
Epoch 6: 137.41921043395996s
Epoch 7: 137.44293522834778s
Epoch 8: 138.1519079208374s
Epoch 9: 137.3938524723053s
Epoch 10: 137.94100832939148s
Epoch 11: 137.68683004379272s
Epoch 12: 137.21496605873108s
Epoch 13: 137.79030585289001s
Epoch 14: 137.77943897247314s
Epoch 15: 137.6919493675232s
Epoch 0: 269.1336233615875s
Epoch 1: 269.7976152896881s
Epoch 2: 269.9084496498108s
Epoch 3: 270.0064537525177s
Epoch 4: 270.25648379325867s
Epoch 5: 270.5050323009491s
Epoch 6: 269.8860533237457s
Epoch 7: 270.2890315055847s
Epoch 8: 270.54460406303406s
Epoch 9: 270.1387655735016s
Epoch 10: 269.44565773010254s
Epoch 11: 270.2683882713318s
Epoch 12: 269.88821506500244s
Epoch 13: 861.7821726799011s
Epoch 14: 280.75435972213745s
Epoch 15: 276.7680654525757s
5598
Adversarial Training Accuracy: 0.9517684887459807
Adversarial Training F1 Score: 0.9752883031301482
Adversarial Attack Accuracy: 0.9517684887459807
Adversarial Attack F1 Score: 0.9752883031301482
Done
