169
Epoch 0: 179.7883222103119s
Epoch 1: 179.46255159378052s
Epoch 2: 179.42308568954468s
Epoch 3: 179.58875346183777s
Epoch 4: 180.51617002487183s
Epoch 5: 179.05925154685974s
Epoch 6: 179.62104749679565s
Epoch 7: 179.30150175094604s
Epoch 8: 179.43410563468933s
Epoch 9: 178.9648516178131s
Epoch 10: 179.34514212608337s
Epoch 11: 180.02733993530273s
Epoch 12: 179.16787695884705s
Epoch 13: 179.21174383163452s
Epoch 14: 177.95377254486084s
Epoch 15: 178.4306344985962s
Epoch 0: 359.18400049209595s
Epoch 1: 362.4662404060364s
Epoch 2: 358.20568203926086s
Epoch 3: 357.55233335494995s
Epoch 4: 357.5134768486023s
Epoch 5: 359.5880925655365s
Epoch 6: 362.2255711555481s
Epoch 7: 357.47165513038635s
Epoch 8: 355.8759949207306s
Epoch 9: 358.19479537010193s
Epoch 10: 362.0108697414398s
Epoch 11: 362.6961123943329s
Epoch 12: 960.7479496002197s
Epoch 13: 365.137305021286s
Epoch 14: 358.1548216342926s
Epoch 15: 358.2248024940491s
5598
Adversarial Training Accuracy: 0.04823151125401929
Adversarial Training F1 Score: 0.0
Adversarial Attack Accuracy: 0.04823151125401929
Adversarial Attack F1 Score: 0.0
Done
