169
Epoch 0: 161.28119444847107s
Epoch 1: 160.770366191864s
Epoch 2: 160.85766625404358s
Epoch 3: 161.30085039138794s
Epoch 4: 161.41580033302307s
Epoch 5: 161.35548210144043s
Epoch 6: 161.15847253799438s
Epoch 7: 161.0869755744934s
Epoch 8: 161.88664889335632s
Epoch 9: 160.98444294929504s
Epoch 10: 161.06543898582458s
Epoch 11: 161.61561727523804s
Epoch 12: 161.32546210289001s
Epoch 13: 161.0547285079956s
Epoch 14: 160.89554119110107s
Epoch 15: 160.99374079704285s
Epoch 0: 318.22439885139465s
Epoch 1: 319.69154810905457s
Epoch 2: 318.5428087711334s
Epoch 3: 318.37260007858276s
Epoch 4: 319.0640506744385s
Epoch 5: 318.9081127643585s
Epoch 6: 318.7044327259064s
Epoch 7: 319.19501781463623s
Epoch 8: 319.521710395813s
Epoch 9: 317.9522054195404s
Epoch 10: 319.02587127685547s
Epoch 11: 2101.2372813224792s
Epoch 12: 322.1542236804962s
Epoch 13: 318.52152705192566s
Epoch 14: 318.78250336647034s
Epoch 15: 318.2384822368622s
5598
Adversarial Training Accuracy: 0.9517684887459807
Adversarial Training F1 Score: 0.9752883031301482
Adversarial Attack Accuracy: 0.9510539478385137
Adversarial Attack F1 Score: 0.9749130195934811
Done
