169
Epoch 0: 171.36963987350464s
Epoch 1: 171.28223824501038s
Epoch 2: 171.25095129013062s
Epoch 3: 171.52085876464844s
Epoch 4: 171.66603827476501s
Epoch 5: 171.10817694664001s
Epoch 6: 172.41892766952515s
Epoch 7: 171.04155278205872s
Epoch 8: 171.62248754501343s
Epoch 9: 171.5487060546875s
Epoch 10: 171.8923327922821s
Epoch 11: 171.69759726524353s
Epoch 12: 171.0596218109131s
Epoch 13: 171.31351947784424s
Epoch 14: 170.67927598953247s
Epoch 15: 170.54268503189087s
Epoch 0: 336.64176201820374s
Epoch 1: 338.0447254180908s
Epoch 2: 337.2219285964966s
Epoch 3: 337.92020750045776s
Epoch 4: 337.3457946777344s
Epoch 5: 337.06746315956116s
Epoch 6: 337.36875796318054s
Epoch 7: 337.6208403110504s
Epoch 8: 337.7383921146393s
Epoch 9: 337.5096893310547s
Epoch 10: 337.3425896167755s
Epoch 11: 337.27352952957153s
Epoch 12: 338.53710174560547s
Epoch 13: 940.6438853740692s
Epoch 14: 341.53196692466736s
Epoch 15: 337.86030435562134s
5598
Adversarial Training Accuracy: 0.04823151125401929
Adversarial Training F1 Score: 0.0
Adversarial Attack Accuracy: 0.04823151125401929
Adversarial Attack F1 Score: 0.0
Done
