169
Epoch 0: 170.92138934135437s
Epoch 1: 171.1141881942749s
Epoch 2: 171.42626404762268s
Epoch 3: 171.09783625602722s
Epoch 4: 172.76738810539246s
Epoch 5: 171.3375267982483s
Epoch 6: 170.9431915283203s
Epoch 7: 171.76755905151367s
Epoch 8: 171.46078157424927s
Epoch 9: 171.86283206939697s
Epoch 10: 171.57846093177795s
Epoch 11: 171.77904534339905s
Epoch 12: 170.8900065422058s
Epoch 13: 171.22279405593872s
Epoch 14: 171.20212054252625s
Epoch 15: 171.75760674476624s
Epoch 0: 337.5382318496704s
Epoch 1: 337.2223436832428s
Epoch 2: 336.654762506485s
Epoch 3: 337.53714990615845s
Epoch 4: 337.6132445335388s
Epoch 5: 337.462290763855s
Epoch 6: 337.4103105068207s
Epoch 7: 337.71431279182434s
Epoch 8: 337.0804569721222s
Epoch 9: 337.3654673099518s
Epoch 10: 336.7960157394409s
Epoch 11: 337.4288840293884s
Epoch 12: 922.7546048164368s
Epoch 13: 946.2715585231781s
Epoch 14: 336.8566403388977s
Epoch 15: 336.7787744998932s
5598
Adversarial Training Accuracy: 0.04823151125401929
Adversarial Training F1 Score: 0.0
Adversarial Attack Accuracy: 0.04823151125401929
Adversarial Attack F1 Score: 0.0
Done
