169
Epoch 0: 183.861225605011s
Epoch 1: 170.04892563819885s
Epoch 2: 170.70771956443787s
Epoch 3: 170.90440320968628s
Epoch 4: 170.72587776184082s
Epoch 5: 170.33606958389282s
Epoch 6: 169.9095048904419s
Epoch 7: 170.06902480125427s
Epoch 8: 170.12630915641785s
Epoch 9: 170.75691676139832s
Epoch 10: 169.96316528320312s
Epoch 11: 170.68595266342163s
Epoch 12: 169.74852418899536s
Epoch 13: 170.67347073554993s
Epoch 14: 169.77936220169067s
Epoch 15: 168.89733958244324s
Epoch 0: 336.5961260795593s
Epoch 1: 336.56444215774536s
Epoch 2: 336.69534158706665s
Epoch 3: 335.95971727371216s
Epoch 4: 336.65884017944336s
Epoch 5: 337.44523882865906s
Epoch 6: 337.01020312309265s
Epoch 7: 336.7331237792969s
Epoch 8: 1533.3775706291199s
Epoch 9: 337.22918033599854s
Epoch 10: 337.246666431427s
Epoch 11: 920.9989686012268s
Epoch 12: 354.6973087787628s
Epoch 13: 343.0817492008209s
Epoch 14: 337.0066955089569s
Epoch 15: 336.5182604789734s
5598
Adversarial Training Accuracy: 0.04823151125401929
Adversarial Training F1 Score: 0.0
Adversarial Attack Accuracy: 0.04823151125401929
Adversarial Attack F1 Score: 0.0
Done
