169
Epoch 0: 171.3580825328827s
Epoch 1: 171.501891374588s
Epoch 2: 171.4611349105835s
Epoch 3: 172.5788893699646s
Epoch 4: 171.78167867660522s
Epoch 5: 172.2801833152771s
Epoch 6: 171.9428994655609s
Epoch 7: 171.78744959831238s
Epoch 8: 171.66246724128723s
Epoch 9: 171.97636675834656s
Epoch 10: 172.43067359924316s
Epoch 11: 171.9122359752655s
Epoch 12: 171.12620973587036s
Epoch 13: 171.66966199874878s
Epoch 14: 171.56785798072815s
Epoch 15: 173.32840991020203s
Epoch 0: 339.50720834732056s
Epoch 1: 338.60842084884644s
Epoch 2: 339.4612681865692s
Epoch 3: 339.154244184494s
Epoch 4: 339.0584056377411s
Epoch 5: 338.6558303833008s
Epoch 6: 339.4380416870117s
Epoch 7: 339.94173526763916s
Epoch 8: 339.1726336479187s
Epoch 9: 338.95093274116516s
Epoch 10: 338.5710310935974s
Epoch 11: 339.1334865093231s
Epoch 12: 1548.6685829162598s
Epoch 13: 341.7240414619446s
Epoch 14: 338.4755017757416s
Epoch 15: 338.64261960983276s
5598
Adversarial Training Accuracy: 0.04823151125401929
Adversarial Training F1 Score: 0.0
Adversarial Attack Accuracy: 0.04823151125401929
Adversarial Attack F1 Score: 0.0
Done
