169
Epoch 0: 173.80384945869446s
Epoch 1: 173.52154397964478s
Epoch 2: 172.9692120552063s
Epoch 3: 173.40231609344482s
Epoch 4: 173.88902926445007s
Epoch 5: 172.93233036994934s
Epoch 6: 174.09964966773987s
Epoch 7: 173.65410828590393s
Epoch 8: 174.05315852165222s
Epoch 9: 173.22836208343506s
Epoch 10: 173.21598029136658s
Epoch 11: 174.24211716651917s
Epoch 12: 173.5157721042633s
Epoch 13: 173.57132124900818s
Epoch 14: 173.36750197410583s
Epoch 15: 173.31108283996582s
Epoch 0: 343.1854045391083s
Epoch 1: 343.5393853187561s
Epoch 2: 343.1826536655426s
Epoch 3: 346.3959438800812s
Epoch 4: 355.9360737800598s
Epoch 5: 358.4878582954407s
Epoch 6: 345.0267844200134s
Epoch 7: 342.9420666694641s
Epoch 8: 342.0349955558777s
Epoch 9: 342.63546776771545s
Epoch 10: 341.93481969833374s
Epoch 11: 341.58142614364624s
Epoch 12: 342.44059014320374s
Epoch 13: 341.98966217041016s
Epoch 14: 342.34842252731323s
Epoch 15: 341.8820421695709s
5598
Adversarial Training Accuracy: 0.9517684887459807
Adversarial Training F1 Score: 0.9752883031301482
Adversarial Attack Accuracy: 0.9517684887459807
Adversarial Attack F1 Score: 0.9752883031301482
Done
