Fair ADVERSARIAL MIXUP
167
Epoch 0: 958.7846069335938s
Epoch 1: 940.1721103191376s
Epoch 2: 915.8934383392334s
Epoch 3: 570.2894113063812s
Epoch 4: 539.7058877944946s
Epoch 5: 554.8409895896912s
Epoch 6: 110.52435731887817s
Epoch 7: 101.62034702301025s
Epoch 8: 102.1856517791748s
Epoch 9: 101.54450249671936s
Epoch 10: 102.00082731246948s
Epoch 11: 121.58742046356201s
Epoch 12: 719.3725643157959s
Epoch 13: 707.8242561817169s
Epoch 14: 801.8660609722137s
Epoch 15: 352.3537046909332s
Epoch 0: 104.27075839042664s
Epoch 1: 104.27974343299866s
Epoch 2: 103.80423665046692s
Epoch 3: 104.39975142478943s
Epoch 4: 103.9494686126709s
Epoch 5: 104.9229302406311s
Epoch 6: 103.60430645942688s
Epoch 7: 104.17268252372742s
Epoch 8: 104.45164823532104s
Epoch 9: 104.10703182220459s
Epoch 10: 104.28614473342896s
Epoch 11: 103.98847007751465s
Epoch 12: 104.17244243621826s
Epoch 13: 104.04049897193909s
Epoch 14: 104.08072996139526s
Epoch 15: 103.44080424308777s
5328
Adversarial Training Accuracy: 0.9502627627627628
Adversarial Training F1 Score: 0.9739096189819829
Adversarial Attack Accuracy: 0.9436936936936937
Adversarial Attack F1 Score: 0.970628549050323
Done
