Fair ADVERSARIAL MIXUP
167
Epoch 0: 157.85987401008606s
Epoch 1: 156.9420096874237s
Epoch 2: 156.6277756690979s
Epoch 3: 157.4345943927765s
Epoch 4: 158.43254709243774s
Epoch 5: 157.1950979232788s
Epoch 6: 157.05063033103943s
Epoch 7: 157.17132472991943s
Epoch 8: 157.04339790344238s
Epoch 9: 156.4682309627533s
Epoch 10: 156.41160011291504s
Epoch 11: 157.36864137649536s
Epoch 12: 157.13543891906738s
Epoch 13: 158.80760169029236s
Epoch 14: 157.67263293266296s
Epoch 15: 157.72060656547546s
Epoch 0: 102.69285678863525s
Epoch 1: 103.54597926139832s
Epoch 2: 103.33686757087708s
Epoch 3: 102.68869876861572s
Epoch 4: 102.97118663787842s
Epoch 5: 119.77597761154175s
Epoch 6: 132.80526733398438s
Epoch 7: 183.7001016139984s
Epoch 8: 171.99622416496277s
Epoch 9: 118.2537190914154s
Epoch 10: 106.79632210731506s
Epoch 11: 103.51123070716858s
Epoch 12: 134.66816115379333s
Epoch 13: 104.41667914390564s
Epoch 14: 102.92782545089722s
Epoch 15: 110.43792390823364s
5328
Adversarial Training Accuracy: 0.9517642642642643
Adversarial Training F1 Score: 0.9749780936617661
Adversarial Attack Accuracy: 0.9506381381381381
Adversarial Attack F1 Score: 0.9736182164710604
Done
