Fair ADVERSARIAL MIXUP
167
Epoch 0: 158.54364776611328s
Epoch 1: 158.7609040737152s
Epoch 2: 159.46343350410461s
Epoch 3: 159.20933294296265s
Epoch 4: 159.07329511642456s
Epoch 5: 159.43670010566711s
Epoch 6: 159.25760412216187s
Epoch 7: 159.20800304412842s
Epoch 8: 159.1438398361206s
Epoch 9: 159.06919026374817s
Epoch 10: 160.0099368095398s
Epoch 11: 159.34476041793823s
Epoch 12: 159.2985565662384s
Epoch 13: 158.32952213287354s
Epoch 14: 159.02939629554749s
Epoch 15: 158.83384895324707s
Epoch 0: 104.54048609733582s
Epoch 1: 104.73055124282837s
Epoch 2: 104.42370939254761s
Epoch 3: 104.3214910030365s
Epoch 4: 105.06880784034729s
Epoch 5: 104.22528648376465s
Epoch 6: 104.34107828140259s
Epoch 7: 104.42022037506104s
Epoch 8: 104.33561658859253s
Epoch 9: 104.3701913356781s
Epoch 10: 104.99109768867493s
Epoch 11: 103.93659448623657s
Epoch 12: 104.95807075500488s
Epoch 13: 104.52702617645264s
Epoch 14: 104.46011447906494s
Epoch 15: 103.54434537887573s
5328
Adversarial Training Accuracy: 0.9485735735735735
Adversarial Training F1 Score: 0.9725560897435899
Adversarial Attack Accuracy: 0.8965840840840841
Adversarial Attack F1 Score: 0.945418524021793
Done
