Fair ADVERSARIAL MIXUP
167
Epoch 0: 158.7621157169342s
Epoch 1: 158.9262294769287s
Epoch 2: 158.7415006160736s
Epoch 3: 159.33049249649048s
Epoch 4: 160.0962836742401s
Epoch 5: 159.02495002746582s
Epoch 6: 159.7382836341858s
Epoch 7: 158.33799624443054s
Epoch 8: 158.87029147148132s
Epoch 9: 159.2758288383484s
Epoch 10: 159.12981009483337s
Epoch 11: 159.65994668006897s
Epoch 12: 159.50110864639282s
Epoch 13: 158.96078968048096s
Epoch 14: 158.87700963020325s
Epoch 15: 158.7045738697052s
Epoch 0: 102.88136863708496s
Epoch 1: 104.46475005149841s
Epoch 2: 103.65947842597961s
Epoch 3: 103.80648016929626s
Epoch 4: 103.60020613670349s
Epoch 5: 103.45742607116699s
Epoch 6: 103.42679476737976s
Epoch 7: 103.35373902320862s
Epoch 8: 103.0390272140503s
Epoch 9: 104.03444647789001s
Epoch 10: 103.79065871238708s
Epoch 11: 103.67132830619812s
Epoch 12: 103.27226400375366s
Epoch 13: 103.50702118873596s
Epoch 14: 103.12676811218262s
Epoch 15: 102.92056775093079s
5328
Adversarial Training Accuracy: 0.05067567567567568
Adversarial Training F1 Score: 0.0
Adversarial Attack Accuracy: 0.05067567567567568
Adversarial Attack F1 Score: 0.0
Done
