Fair ADVERSARIAL MIXUP
167
Epoch 0: 158.1871736049652s
Epoch 1: 157.64312076568604s
Epoch 2: 157.78503799438477s
Epoch 3: 157.84238982200623s
Epoch 4: 159.8173749446869s
Epoch 5: 157.72081899642944s
Epoch 6: 158.43364071846008s
Epoch 7: 157.51243543624878s
Epoch 8: 159.92782950401306s
Epoch 9: 160.3755600452423s
Epoch 10: 160.55126237869263s
Epoch 11: 160.02935218811035s
Epoch 12: 160.2582037448883s
Epoch 13: 159.71222257614136s
Epoch 14: 159.92771410942078s
Epoch 15: 160.20063757896423s
Epoch 0: 105.56694793701172s
Epoch 1: 105.64313554763794s
Epoch 2: 105.99150085449219s
Epoch 3: 105.43600511550903s
Epoch 4: 113.42457962036133s
Epoch 5: 105.24180746078491s
Epoch 6: 105.31668782234192s
Epoch 7: 105.96782612800598s
Epoch 8: 104.88773441314697s
Epoch 9: 105.78685474395752s
Epoch 10: 105.31667709350586s
Epoch 11: 106.23499631881714s
Epoch 12: 105.72579073905945s
Epoch 13: 105.75592136383057s
Epoch 14: 106.12903833389282s
Epoch 15: 105.82611536979675s
5328
Adversarial Training Accuracy: 0.9508258258258259
Adversarial Training F1 Score: 0.9740491283676703
Adversarial Attack Accuracy: 0.9007132132132132
Adversarial Attack F1 Score: 0.9477634047595537
Done
