Fair ADVERSARIAL MIXUP
167
Epoch 0: 158.62747597694397s
Epoch 1: 159.26623129844666s
Epoch 2: 159.49392580986023s
Epoch 3: 159.99235939979553s
Epoch 4: 159.18927478790283s
Epoch 5: 159.4500856399536s
Epoch 6: 159.7281894683838s
Epoch 7: 159.3494827747345s
Epoch 8: 159.66240048408508s
Epoch 9: 159.06548476219177s
Epoch 10: 159.31852316856384s
Epoch 11: 158.7646827697754s
Epoch 12: 159.57373213768005s
Epoch 13: 159.79556226730347s
Epoch 14: 159.68251371383667s
Epoch 15: 159.27618670463562s
Epoch 0: 103.20427203178406s
Epoch 1: 103.61802673339844s
Epoch 2: 103.68092083930969s
Epoch 3: 103.42755174636841s
Epoch 4: 105.806143283844s
Epoch 5: 102.62746143341064s
Epoch 6: 115.09520196914673s
Epoch 7: 102.7191743850708s
Epoch 8: 105.46900582313538s
Epoch 9: 102.58944010734558s
Epoch 10: 102.80157160758972s
Epoch 11: 104.03990340232849s
Epoch 12: 102.68307209014893s
Epoch 13: 103.04924297332764s
Epoch 14: 103.32446503639221s
Epoch 15: 102.92436027526855s
5328
Adversarial Training Accuracy: 0.05067567567567568
Adversarial Training F1 Score: 0.0
Adversarial Attack Accuracy: 0.05067567567567568
Adversarial Attack F1 Score: 0.0
Done
