Fair ADVERSARIAL MIXUP
167
Epoch 0: 158.90494894981384s
Epoch 1: 158.60092091560364s
Epoch 2: 158.43392753601074s
Epoch 3: 158.29892992973328s
Epoch 4: 158.39075541496277s
Epoch 5: 158.15323090553284s
Epoch 6: 157.94105911254883s
Epoch 7: 158.00287914276123s
Epoch 8: 158.84967350959778s
Epoch 9: 158.9491319656372s
Epoch 10: 159.00290536880493s
Epoch 11: 158.87133836746216s
Epoch 12: 158.3709909915924s
Epoch 13: 158.56729531288147s
Epoch 14: 159.2442216873169s
Epoch 15: 158.7297444343567s
Epoch 0: 104.48899745941162s
Epoch 1: 105.34071779251099s
Epoch 2: 104.65628814697266s
Epoch 3: 105.15544486045837s
Epoch 4: 105.26228833198547s
Epoch 5: 104.7776210308075s
Epoch 6: 104.22457981109619s
Epoch 7: 104.1376302242279s
Epoch 8: 104.29225969314575s
Epoch 9: 105.46383166313171s
Epoch 10: 104.55430102348328s
Epoch 11: 106.25129985809326s
Epoch 12: 104.80697131156921s
Epoch 13: 104.50584006309509s
Epoch 14: 104.50361251831055s
Epoch 15: 104.25420832633972s
5328
Adversarial Training Accuracy: 0.9483858858858859
Adversarial Training F1 Score: 0.9725357035853391
Adversarial Attack Accuracy: 0.9031531531531531
Adversarial Attack F1 Score: 0.9491124260355029
Done
