Fair ADVERSARIAL MIXUP
167
Epoch 0: 158.34979152679443s
Epoch 1: 158.75109434127808s
Epoch 2: 158.8930699825287s
Epoch 3: 158.93456506729126s
Epoch 4: 158.84032034873962s
Epoch 5: 158.69052958488464s
Epoch 6: 159.60834169387817s
Epoch 7: 158.72587990760803s
Epoch 8: 158.78676986694336s
Epoch 9: 158.73531126976013s
Epoch 10: 159.0393989086151s
Epoch 11: 158.8862819671631s
Epoch 12: 159.1053490638733s
Epoch 13: 158.36252212524414s
Epoch 14: 159.66982769966125s
Epoch 15: 158.64607334136963s
Epoch 0: 104.47856450080872s
Epoch 1: 104.6169285774231s
Epoch 2: 105.26870656013489s
Epoch 3: 104.68163537979126s
Epoch 4: 104.60325121879578s
Epoch 5: 104.60393977165222s
Epoch 6: 104.40299201011658s
Epoch 7: 104.50851082801819s
Epoch 8: 104.08785772323608s
Epoch 9: 104.3851842880249s
Epoch 10: 104.58387184143066s
Epoch 11: 104.7261164188385s
Epoch 12: 104.17142391204834s
Epoch 13: 104.06453084945679s
Epoch 14: 104.82129979133606s
Epoch 15: 103.73949313163757s
5328
Adversarial Training Accuracy: 0.948948948948949
Adversarial Training F1 Score: 0.9729029687188683
Adversarial Attack Accuracy: 0.901463963963964
Adversarial Attack F1 Score: 0.9481788569736452
Done
