Fair ADVERSARIAL MIXUP
167
Epoch 0: 102.50669384002686s
Epoch 1: 103.49490880966187s
Epoch 2: 102.57112860679626s
Epoch 3: 102.51994132995605s
Epoch 4: 102.1482834815979s
Epoch 5: 103.63846969604492s
Epoch 6: 102.99128365516663s
Epoch 7: 103.01258563995361s
Epoch 8: 102.95847463607788s
Epoch 9: 102.80810785293579s
Epoch 10: 103.16085147857666s
Epoch 11: 103.20586633682251s
Epoch 12: 112.18922853469849s
Epoch 13: 102.71175217628479s
Epoch 14: 102.6038703918457s
Epoch 15: 103.23195695877075s
Epoch 0: 105.80145406723022s
Epoch 1: 104.81645274162292s
Epoch 2: 105.0137300491333s
Epoch 3: 105.86346697807312s
Epoch 4: 105.35483574867249s
Epoch 5: 104.41796278953552s
Epoch 6: 104.52993559837341s
Epoch 7: 104.63544797897339s
Epoch 8: 104.92915105819702s
Epoch 9: 105.37523984909058s
Epoch 10: 104.97264957427979s
Epoch 11: 105.30669379234314s
Epoch 12: 104.90195202827454s
Epoch 13: 105.26741600036621s
Epoch 14: 105.56295013427734s
Epoch 15: 104.97805285453796s
5328
Adversarial Training Accuracy: 0.9517642642642643
Adversarial Training F1 Score: 0.9750267223787776
Adversarial Attack Accuracy: 0.9358108108108109
Adversarial Attack F1 Score: 0.9660983346550356
Done
