Fair ADVERSARIAL MIXUP
167
Epoch 0: 102.81017398834229s
Epoch 1: 104.18531060218811s
Epoch 2: 101.92224550247192s
Epoch 3: 103.21636700630188s
Epoch 4: 102.20277523994446s
Epoch 5: 102.3501489162445s
Epoch 6: 104.33761787414551s
Epoch 7: 104.5944893360138s
Epoch 8: 109.0213930606842s
Epoch 9: 112.4497754573822s
Epoch 10: 113.80018854141235s
Epoch 11: 113.68750476837158s
Epoch 12: 116.0182375907898s
Epoch 13: 113.3871488571167s
Epoch 14: 116.62988948822021s
Epoch 15: 115.9039204120636s
Epoch 0: 117.7310118675232s
Epoch 1: 118.26388645172119s
Epoch 2: 124.70345449447632s
Epoch 3: 124.45642828941345s
Epoch 4: 123.64639568328857s
Epoch 5: 121.60155868530273s
Epoch 6: 124.30367946624756s
Epoch 7: 125.75456666946411s
Epoch 8: 120.89317655563354s
Epoch 9: 124.19397330284119s
Epoch 10: 123.29247331619263s
Epoch 11: 123.06257557868958s
Epoch 12: 129.7718517780304s
Epoch 13: 127.54929566383362s
Epoch 14: 124.43135809898376s
Epoch 15: 124.64436960220337s
5328
Adversarial Training Accuracy: 0.3808183183183183
Adversarial Training F1 Score: 0.5369824561403508
Adversarial Attack Accuracy: 0.934496996996997
Adversarial Attack F1 Score: 0.9659943486310046
Done
