Fair ADVERSARIAL MIXUP
167
Epoch 0: 102.36950635910034s
Epoch 1: 102.52879858016968s
Epoch 2: 102.59941220283508s
Epoch 3: 102.74232745170593s
Epoch 4: 102.26746344566345s
Epoch 5: 103.26994967460632s
Epoch 6: 104.19751310348511s
Epoch 7: 104.24408340454102s
Epoch 8: 104.16088342666626s
Epoch 9: 104.59360694885254s
Epoch 10: 104.57135200500488s
Epoch 11: 107.97169995307922s
Epoch 12: 113.29816389083862s
Epoch 13: 110.99708580970764s
Epoch 14: 113.34919714927673s
Epoch 15: 116.83621597290039s
Epoch 0: 115.77207732200623s
Epoch 1: 119.74177527427673s
Epoch 2: 115.83194327354431s
Epoch 3: 120.65819001197815s
Epoch 4: 121.97447943687439s
Epoch 5: 118.2549455165863s
Epoch 6: 120.97219967842102s
Epoch 7: 125.4386739730835s
Epoch 8: 119.7905752658844s
Epoch 9: 122.04658961296082s
Epoch 10: 122.26033234596252s
Epoch 11: 125.61861228942871s
Epoch 12: 123.15472912788391s
Epoch 13: 126.22106838226318s
Epoch 14: 125.43222236633301s
Epoch 15: 125.02825021743774s
5328
Adversarial Training Accuracy: 0.7899774774774775
Adversarial Training F1 Score: 0.8791707159054097
Adversarial Attack Accuracy: 0.958521021021021
Adversarial Attack F1 Score: 0.9784411276948591
Done
