Fair ADVERSARIAL MIXUP
167
Epoch 0: 102.6014347076416s
Epoch 1: 101.76055765151978s
Epoch 2: 102.28726601600647s
Epoch 3: 101.58117270469666s
Epoch 4: 101.5292398929596s
Epoch 5: 101.66531753540039s
Epoch 6: 102.63130450248718s
Epoch 7: 101.57265329360962s
Epoch 8: 101.94878554344177s
Epoch 9: 102.0398199558258s
Epoch 10: 102.29759383201599s
Epoch 11: 102.92061614990234s
Epoch 12: 105.78426098823547s
Epoch 13: 101.98413133621216s
Epoch 14: 102.07168650627136s
Epoch 15: 102.69968938827515s
Epoch 0: 104.25188565254211s
Epoch 1: 104.25063276290894s
Epoch 2: 103.51054787635803s
Epoch 3: 103.82299637794495s
Epoch 4: 104.10038161277771s
Epoch 5: 103.71311950683594s
Epoch 6: 103.94767212867737s
Epoch 7: 104.43779253959656s
Epoch 8: 103.97467851638794s
Epoch 9: 103.62315607070923s
Epoch 10: 103.90271973609924s
Epoch 11: 103.65218949317932s
Epoch 12: 103.62503409385681s
Epoch 13: 103.78365135192871s
Epoch 14: 104.16346478462219s
Epoch 15: 103.5608479976654s
5328
Adversarial Training Accuracy: 0.9478228228228228
Adversarial Training F1 Score: 0.9722
Adversarial Attack Accuracy: 0.9512012012012012
Adversarial Attack F1 Score: 0.9741087432782314
Done
