Fair ADVERSARIAL MIXUP
167
Epoch 0: 101.67009854316711s
Epoch 1: 102.55199217796326s
Epoch 2: 102.13495230674744s
Epoch 3: 101.69059991836548s
Epoch 4: 101.96399259567261s
Epoch 5: 102.27630829811096s
Epoch 6: 102.42393040657043s
Epoch 7: 101.45943474769592s
Epoch 8: 102.0412666797638s
Epoch 9: 102.80559635162354s
Epoch 10: 101.25783562660217s
Epoch 11: 103.80306935310364s
Epoch 12: 104.96808385848999s
Epoch 13: 101.48981428146362s
Epoch 14: 102.57786870002747s
Epoch 15: 102.70156073570251s
Epoch 0: 104.08887100219727s
Epoch 1: 103.77510404586792s
Epoch 2: 103.76827263832092s
Epoch 3: 103.47654008865356s
Epoch 4: 104.58431100845337s
Epoch 5: 103.97315764427185s
Epoch 6: 103.93596482276917s
Epoch 7: 103.86137795448303s
Epoch 8: 104.89457893371582s
Epoch 9: 104.21959829330444s
Epoch 10: 103.38756656646729s
Epoch 11: 104.70660972595215s
Epoch 12: 103.56788539886475s
Epoch 13: 103.96953272819519s
Epoch 14: 103.984304189682s
Epoch 15: 103.22881770133972s
5328
Adversarial Training Accuracy: 0.9510135135135135
Adversarial Training F1 Score: 0.9742069374444116
Adversarial Attack Accuracy: 0.9463213213213213
Adversarial Attack F1 Score: 0.9722814498933902
Done
